# JRE version: OpenJDK Runtime Environment Temurin-17.0.11+9 (17.0.11+9) (build 17.0.11+9)
# Java VM: OpenJDK Client VM Temurin-17.0.11+9 (17.0.11+9, mixed mode, emulated-client, serial gc, windows-x86)
GC Precious Log:
 CPUs: 16 total, 16 available
 Memory: 15674M
 Large Page Support: Disabled
 NUMA Support: Disabled
 Compressed Oops: Disabled
 Heap Min Capacity: 6M
 Heap Initial Capacity: 16M
 Heap Max Capacity: 1536M
 Pre-touch: Disabled
Heap:
 def new generation   total 167872K, used 135149K [0x05a00000, 0x11020000, 0x25a00000)
  eden space 149248K,  83% used [0x05a00000, 0x0d3b56b8, 0x0ebc0000)
  from space 18624K,  56% used [0x0fdf0000, 0x10836118, 0x11020000)
  to   space 18624K,   0% used [0x0ebc0000, 0x0ebc0000, 0x0fdf0000)
 tenured generation   total 370900K, used 292977K [0x25a00000, 0x3c435000, 0x65a00000)
   the space 370900K,  78% used [0x25a00000, 0x3781c5f8, 0x3781c600, 0x3c435000)
 Metaspace       used 97149K, committed 97664K, reserved 98304K
GC Heap History (20 events):
Event: 463.539 GC heap before
{Heap before GC invocations=244 (full 7):
 def new generation   total 102720K, used 102720K [0x05a00000, 0x0c970000, 0x25a00000)
  eden space 91328K, 100% used [0x05a00000, 0x0b330000, 0x0b330000)
  from space 11392K, 100% used [0x0be50000, 0x0c970000, 0x0c970000)
  to   space 11392K,   0% used [0x0b330000, 0x0b330000, 0x0be50000)
 tenured generation   total 226320K, used 153417K [0x25a00000, 0x33704000, 0x65a00000)
   the space 226320K,  67% used [0x25a00000, 0x2efd2658, 0x2efd2800, 0x33704000)
 Metaspace       used 89693K, committed 90176K, reserved 98304K
}
Event: 463.577 GC heap after
{Heap after GC invocations=245 (full 7):
 def new generation   total 102720K, used 11392K [0x05a00000, 0x0c970000, 0x25a00000)
  eden space 91328K,   0% used [0x05a00000, 0x05a00000, 0x0b330000)
  from space 11392K, 100% used [0x0b330000, 0x0be50000, 0x0be50000)
  to   space 11392K,   0% used [0x0be50000, 0x0be50000, 0x0c970000)
 tenured generation   total 226320K, used 171220K [0x25a00000, 0x33704000, 0x65a00000)
   the space 226320K,  75% used [0x25a00000, 0x30135008, 0x30135200, 0x33704000)
 Metaspace       used 89693K, committed 90176K, reserved 98304K
}
Event: 463.708 GC heap before
{Heap before GC invocations=245 (full 7):
 def new generation   total 102720K, used 102720K [0x05a00000, 0x0c970000, 0x25a00000)
  eden space 91328K, 100% used [0x05a00000, 0x0b330000, 0x0b330000)
  from space 11392K, 100% used [0x0b330000, 0x0be50000, 0x0be50000)
  to   space 11392K,   0% used [0x0be50000, 0x0be50000, 0x0c970000)
 tenured generation   total 226320K, used 171220K [0x25a00000, 0x33704000, 0x65a00000)
   the space 226320K,  75% used [0x25a00000, 0x30135008, 0x30135200, 0x33704000)
 Metaspace       used 89813K, committed 90304K, reserved 98304K
}
Event: 463.808 GC heap after
{Heap after GC invocations=246 (full 7):
 def new generation   total 102720K, used 11392K [0x05a00000, 0x0c970000, 0x25a00000)
  eden space 91328K,   0% used [0x05a00000, 0x05a00000, 0x0b330000)
  from space 11392K, 100% used [0x0be50000, 0x0c970000, 0x0c970000)
  to   space 11392K,   0% used [0x0b330000, 0x0b330000, 0x0be50000)
 tenured generation   total 226320K, used 189998K [0x25a00000, 0x33704000, 0x65a00000)
   the space 226320K,  83% used [0x25a00000, 0x3138ba90, 0x3138bc00, 0x33704000)
 Metaspace       used 89813K, committed 90304K, reserved 98304K
}
Event: 463.889 GC heap before
{Heap before GC invocations=246 (full 7):
 def new generation   total 102720K, used 102720K [0x05a00000, 0x0c970000, 0x25a00000)
  eden space 91328K, 100% used [0x05a00000, 0x0b330000, 0x0b330000)
  from space 11392K, 100% used [0x0be50000, 0x0c970000, 0x0c970000)
  to   space 11392K,   0% used [0x0b330000, 0x0b330000, 0x0be50000)
 tenured generation   total 226320K, used 189998K [0x25a00000, 0x33704000, 0x65a00000)
   the space 226320K,  83% used [0x25a00000, 0x3138ba90, 0x3138bc00, 0x33704000)
 Metaspace       used 89818K, committed 90304K, reserved 98304K
}
Event: 464.030 GC heap after
{Heap after GC invocations=247 (full 7):
 def new generation   total 102720K, used 11391K [0x05a00000, 0x0c970000, 0x25a00000)
  eden space 91328K,   0% used [0x05a00000, 0x05a00000, 0x0b330000)
  from space 11392K,  99% used [0x0b330000, 0x0be4fff8, 0x0be50000)
  to   space 11392K,   0% used [0x0be50000, 0x0be50000, 0x0c970000)
 tenured generation   total 226320K, used 208051K [0x25a00000, 0x33704000, 0x65a00000)
   the space 226320K,  91% used [0x25a00000, 0x3252cc88, 0x3252ce00, 0x33704000)
 Metaspace       used 89818K, committed 90304K, reserved 98304K
}
Event: 464.480 GC heap before
{Heap before GC invocations=247 (full 7):
 def new generation   total 102720K, used 102719K [0x05a00000, 0x0c970000, 0x25a00000)
  eden space 91328K, 100% used [0x05a00000, 0x0b330000, 0x0b330000)
  from space 11392K,  99% used [0x0b330000, 0x0be4fff8, 0x0be50000)
  to   space 11392K,   0% used [0x0be50000, 0x0be50000, 0x0c970000)
 tenured generation   total 226320K, used 208051K [0x25a00000, 0x33704000, 0x65a00000)
   the space 226320K,  91% used [0x25a00000, 0x3252cc88, 0x3252ce00, 0x33704000)
 Metaspace       used 89847K, committed 90304K, reserved 98304K
}
Event: 464.635 GC heap after
{Heap after GC invocations=248 (full 7):
 def new generation   total 102720K, used 11392K [0x05a00000, 0x0c970000, 0x25a00000)
  eden space 91328K,   0% used [0x05a00000, 0x05a00000, 0x0b330000)
  from space 11392K, 100% used [0x0be50000, 0x0c970000, 0x0c970000)
  to   space 11392K,   0% used [0x0b330000, 0x0b330000, 0x0be50000)
 tenured generation   total 229904K, used 229848K [0x25a00000, 0x33a84000, 0x65a00000)
   the space 229904K,  99% used [0x25a00000, 0x33a76260, 0x33a76400, 0x33a84000)
 Metaspace       used 89847K, committed 90304K, reserved 98304K
}
Event: 464.635 GC heap before
{Heap before GC invocations=248 (full 7):
 def new generation   total 102720K, used 11392K [0x05a00000, 0x0c970000, 0x25a00000)
  eden space 91328K,   0% used [0x05a00000, 0x05a00000, 0x0b330000)
  from space 11392K, 100% used [0x0be50000, 0x0c970000, 0x0c970000)
  to   space 11392K,   0% used [0x0b330000, 0x0b330000, 0x0be50000)
 tenured generation   total 229904K, used 229848K [0x25a00000, 0x33a84000, 0x65a00000)
   the space 229904K,  99% used [0x25a00000, 0x33a76260, 0x33a76400, 0x33a84000)
 Metaspace       used 89847K, committed 90304K, reserved 98304K
}
Event: 465.292 GC heap after
{Heap after GC invocations=248 (full 8):
 def new generation   total 167872K, used 0K [0x05a00000, 0x11020000, 0x25a00000)
  eden space 149248K,   0% used [0x05a00000, 0x05a00000, 0x0ebc0000)
  from space 18624K,   0% used [0x0ebc0000, 0x0ebc0000, 0x0fdf0000)
  to   space 18624K,   0% used [0x0fdf0000, 0x0fdf0000, 0x11020000)
 tenured generation   total 370900K, used 222539K [0x25a00000, 0x3c435000, 0x65a00000)
   the space 370900K,  59% used [0x25a00000, 0x33352de0, 0x33352e00, 0x3c435000)
 Metaspace       used 89828K, committed 90304K, reserved 98304K
}
Event: 466.166 GC heap before
{Heap before GC invocations=248 (full 8):
 def new generation   total 167872K, used 149248K [0x05a00000, 0x11020000, 0x25a00000)
  eden space 149248K, 100% used [0x05a00000, 0x0ebc0000, 0x0ebc0000)
  from space 18624K,   0% used [0x0ebc0000, 0x0ebc0000, 0x0fdf0000)
  to   space 18624K,   0% used [0x0fdf0000, 0x0fdf0000, 0x11020000)
 tenured generation   total 370900K, used 222539K [0x25a00000, 0x3c435000, 0x65a00000)
   the space 370900K,  59% used [0x25a00000, 0x33352de0, 0x33352e00, 0x3c435000)
 Metaspace       used 89828K, committed 90304K, reserved 98304K
}
Event: 466.349 GC heap after
{Heap after GC invocations=249 (full 8):
 def new generation   total 167872K, used 18623K [0x05a00000, 0x11020000, 0x25a00000)
  eden space 149248K,   0% used [0x05a00000, 0x05a00000, 0x0ebc0000)
  from space 18624K,  99% used [0x0fdf0000, 0x1101fff8, 0x11020000)
  to   space 18624K,   0% used [0x0ebc0000, 0x0ebc0000, 0x0fdf0000)
 tenured generation   total 370900K, used 238260K [0x25a00000, 0x3c435000, 0x65a00000)
   the space 370900K,  64% used [0x25a00000, 0x342ad188, 0x342ad200, 0x3c435000)
 Metaspace       used 89828K, committed 90304K, reserved 98304K
}
Event: 467.063 GC heap before
{Heap before GC invocations=249 (full 8):
 def new generation   total 167872K, used 167871K [0x05a00000, 0x11020000, 0x25a00000)
  eden space 149248K, 100% used [0x05a00000, 0x0ebc0000, 0x0ebc0000)
  from space 18624K,  99% used [0x0fdf0000, 0x1101fff8, 0x11020000)
  to   space 18624K,   0% used [0x0ebc0000, 0x0ebc0000, 0x0fdf0000)
 tenured generation   total 370900K, used 238260K [0x25a00000, 0x3c435000, 0x65a00000)
   the space 370900K,  64% used [0x25a00000, 0x342ad188, 0x342ad200, 0x3c435000)
 Metaspace       used 91328K, committed 91776K, reserved 98304K
}
Event: 467.150 GC heap after
{Heap after GC invocations=250 (full 8):
 def new generation   total 167872K, used 9296K [0x05a00000, 0x11020000, 0x25a00000)
  eden space 149248K,   0% used [0x05a00000, 0x05a00000, 0x0ebc0000)
  from space 18624K,  49% used [0x0ebc0000, 0x0f4d4350, 0x0fdf0000)
  to   space 18624K,   0% used [0x0fdf0000, 0x0fdf0000, 0x11020000)
 tenured generation   total 370900K, used 256695K [0x25a00000, 0x3c435000, 0x65a00000)
   the space 370900K,  69% used [0x25a00000, 0x354add10, 0x354ade00, 0x3c435000)
 Metaspace       used 91328K, committed 91776K, reserved 98304K
}
Event: 468.454 GC heap before
{Heap before GC invocations=250 (full 8):
 def new generation   total 167872K, used 158544K [0x05a00000, 0x11020000, 0x25a00000)
  eden space 149248K, 100% used [0x05a00000, 0x0ebc0000, 0x0ebc0000)
  from space 18624K,  49% used [0x0ebc0000, 0x0f4d4350, 0x0fdf0000)
  to   space 18624K,   0% used [0x0fdf0000, 0x0fdf0000, 0x11020000)
 tenured generation   total 370900K, used 256695K [0x25a00000, 0x3c435000, 0x65a00000)
   the space 370900K,  69% used [0x25a00000, 0x354add10, 0x354ade00, 0x3c435000)
 Metaspace       used 93713K, committed 94144K, reserved 98304K
}
Event: 468.512 GC heap after
{Heap after GC invocations=251 (full 8):
 def new generation   total 167872K, used 18624K [0x05a00000, 0x11020000, 0x25a00000)
  eden space 149248K,   0% used [0x05a00000, 0x05a00000, 0x0ebc0000)
  from space 18624K, 100% used [0x0fdf0000, 0x11020000, 0x11020000)
  to   space 18624K,   0% used [0x0ebc0000, 0x0ebc0000, 0x0fdf0000)
 tenured generation   total 370900K, used 260886K [0x25a00000, 0x3c435000, 0x65a00000)
   the space 370900K,  70% used [0x25a00000, 0x358c5810, 0x358c5a00, 0x3c435000)
 Metaspace       used 93713K, committed 94144K, reserved 98304K
}
Event: 469.604 GC heap before
{Heap before GC invocations=251 (full 8):
 def new generation   total 167872K, used 167872K [0x05a00000, 0x11020000, 0x25a00000)
  eden space 149248K, 100% used [0x05a00000, 0x0ebc0000, 0x0ebc0000)
  from space 18624K, 100% used [0x0fdf0000, 0x11020000, 0x11020000)
  to   space 18624K,   0% used [0x0ebc0000, 0x0ebc0000, 0x0fdf0000)
 tenured generation   total 370900K, used 260886K [0x25a00000, 0x3c435000, 0x65a00000)
   the space 370900K,  70% used [0x25a00000, 0x358c5810, 0x358c5a00, 0x3c435000)
 Metaspace       used 95060K, committed 95488K, reserved 98304K
}
Event: 469.689 GC heap after
{Heap after GC invocations=252 (full 8):
 def new generation   total 167872K, used 13995K [0x05a00000, 0x11020000, 0x25a00000)
  eden space 149248K,   0% used [0x05a00000, 0x05a00000, 0x0ebc0000)
  from space 18624K,  75% used [0x0ebc0000, 0x0f96ae30, 0x0fdf0000)
  to   space 18624K,   0% used [0x0fdf0000, 0x0fdf0000, 0x11020000)
 tenured generation   total 370900K, used 279253K [0x25a00000, 0x3c435000, 0x65a00000)
   the space 370900K,  75% used [0x25a00000, 0x36ab5510, 0x36ab5600, 0x3c435000)
 Metaspace       used 95060K, committed 95488K, reserved 98304K
}
Event: 471.039 GC heap before
{Heap before GC invocations=252 (full 8):
 def new generation   total 167872K, used 163243K [0x05a00000, 0x11020000, 0x25a00000)
  eden space 149248K, 100% used [0x05a00000, 0x0ebc0000, 0x0ebc0000)
  from space 18624K,  75% used [0x0ebc0000, 0x0f96ae30, 0x0fdf0000)
  to   space 18624K,   0% used [0x0fdf0000, 0x0fdf0000, 0x11020000)
 tenured generation   total 370900K, used 279253K [0x25a00000, 0x3c435000, 0x65a00000)
   the space 370900K,  75% used [0x25a00000, 0x36ab5510, 0x36ab5600, 0x3c435000)
 Metaspace       used 95608K, committed 96192K, reserved 98304K
}
Event: 471.113 GC heap after
{Heap after GC invocations=253 (full 8):
 def new generation   total 167872K, used 10520K [0x05a00000, 0x11020000, 0x25a00000)
  eden space 149248K,   0% used [0x05a00000, 0x05a00000, 0x0ebc0000)
  from space 18624K,  56% used [0x0fdf0000, 0x10836118, 0x11020000)
  to   space 18624K,   0% used [0x0ebc0000, 0x0ebc0000, 0x0fdf0000)
 tenured generation   total 370900K, used 292977K [0x25a00000, 0x3c435000, 0x65a00000)
   the space 370900K,  78% used [0x25a00000, 0x3781c5f8, 0x3781c600, 0x3c435000)
 Metaspace       used 95608K, committed 96192K, reserved 98304K
}

